app/build/intermediates/manifest_merge_blame_file/debug/manifest-merger-blame-debug-report.txt
1<?xml version="1.0" encoding="utf-8"?>
2<manifest xmlns:android="http://schemas.android.com/apk/res/android"
3    package="gcu.mpd.mpdcoursework20192020"
4    android:versionCode="1"
5    android:versionName="1.0" >
6
7    <uses-sdk
8        android:minSdkVersion="23"
8-->src\main\AndroidManifest.xml
9        android:targetSdkVersion="29" />
9-->src\main\AndroidManifest.xml
10
11    <!--
12         The ACCESS_COARSE/FINE_LOCATION permissions are not required to use
13         Google Maps Android API v2, but you must specify either coarse or fine
14         location permissions for the 'MyLocation' functionality.
15    -->
16    <uses-permission android:name="android.permission.INTERNET" />
16-->src\main\AndroidManifest.xml:10:5-67
16-->src\main\AndroidManifest.xml:10:22-64
17    <uses-permission android:name="android.permission.ACCESS_FINE_LOCATION" />
17-->src\main\AndroidManifest.xml:11:5-79
17-->src\main\AndroidManifest.xml:11:22-76
18    <uses-permission android:name="android.permission.ACCESS_WIFI_STATE" /> <!-- Include required permissions for Google Maps API to run. -->
18-->[com.google.android.libraries.places:places:1.0.0] AndroidManifest.xml:10:5-76
18-->[com.google.android.libraries.places:places:1.0.0] AndroidManifest.xml:10:22-73
19    <uses-permission android:name="android.permission.ACCESS_NETWORK_STATE" />
19-->[com.google.android.gms:play-services-maps:16.0.0] AndroidManifest.xml:23:5-79
19-->[com.google.android.gms:play-services-maps:16.0.0] AndroidManifest.xml:23:22-76
20
21    <uses-feature
21-->[com.google.android.gms:play-services-maps:16.0.0] AndroidManifest.xml:26:5-28:35
22        android:glEsVersion="0x00020000"
22-->[com.google.android.gms:play-services-maps:16.0.0] AndroidManifest.xml:27:9-41
23        android:required="true" />
23-->[com.google.android.gms:play-services-maps:16.0.0] AndroidManifest.xml:28:9-32
24
25    <application
25-->src\main\AndroidManifest.xml:13:5-42:19
26        android:allowBackup="true"
26-->src\main\AndroidManifest.xml:14:9-35
27        android:appComponentFactory="androidx.core.app.CoreComponentFactory"
27-->[androidx.core:core:1.0.1] AndroidManifest.xml:22:18-86
28        android:debuggable="true"
29        android:extractNativeLibs="false"
30        android:icon="@mipmap/ic_launcher"
30-->src\main\AndroidManifest.xml:15:9-43
31        android:label="@string/app_name"
31-->src\main\AndroidManifest.xml:16:9-41
32        android:roundIcon="@mipmap/ic_launcher_round"
32-->src\main\AndroidManifest.xml:17:9-54
33        android:supportsRtl="true"
33-->src\main\AndroidManifest.xml:18:9-35
34        android:theme="@style/AppTheme" >
34-->src\main\AndroidManifest.xml:19:9-40
35
36        <!--
37             The API key for Google Maps-based APIs is defined as a string resource.
38             (See the file "res/values/google_maps_api.xml").
39             Note that the API key is linked to the encryption key used to sign the APK.
40             You need a different API key for each encryption key, including the release key that is used to
41             sign the APK for publishing.
42             You can define the keys for the debug and release targets in src/debug/ and src/release/.
43        -->
44        <meta-data
44-->src\main\AndroidManifest.xml:29:9-31:55
45            android:name="com.google.android.geo.API_KEY"
45-->src\main\AndroidManifest.xml:30:13-58
46            android:value="@string/google_maps_key" />
46-->src\main\AndroidManifest.xml:31:13-52
47
48        <activity
48-->src\main\AndroidManifest.xml:33:9-41:20
49            android:name="gcu.mpd.mpdcoursework20192020.MapsActivity"
49-->src\main\AndroidManifest.xml:34:13-41
50            android:label="@string/title_activity_maps" >
50-->src\main\AndroidManifest.xml:35:13-56
51            <intent-filter>
51-->src\main\AndroidManifest.xml:36:13-40:29
52                <action android:name="android.intent.action.MAIN" />
52-->src\main\AndroidManifest.xml:37:17-69
52-->src\main\AndroidManifest.xml:37:25-66
53
54                <category android:name="android.intent.category.LAUNCHER" />
54-->src\main\AndroidManifest.xml:39:17-77
54-->src\main\AndroidManifest.xml:39:27-74
55            </intent-filter>
56        </activity>
57        <!-- Autocomplete -->
58        <activity
58-->[com.google.android.libraries.places:places:1.0.0] AndroidManifest.xml:16:9-23:20
59            android:name="com.google.android.libraries.places.widget.AutocompleteActivity"
59-->[com.google.android.libraries.places:places:1.0.0] AndroidManifest.xml:17:13-91
60            android:exported="false"
60-->[com.google.android.libraries.places:places:1.0.0] AndroidManifest.xml:18:13-37
61            android:hardwareAccelerated="true"
61-->[com.google.android.libraries.places:places:1.0.0] AndroidManifest.xml:19:13-47
62            android:label="@string/places_autocomplete_label"
62-->[com.google.android.libraries.places:places:1.0.0] AndroidManifest.xml:20:13-62
63            android:theme="@style/PlacesAutocompleteThemeOverlay"
63-->[com.google.android.libraries.places:places:1.0.0] AndroidManifest.xml:21:13-66
64            android:windowSoftInputMode="stateAlwaysVisible|adjustPan" >
64-->[com.google.android.libraries.places:places:1.0.0] AndroidManifest.xml:22:13-71
65        </activity>
66        <activity
66-->[com.google.android.gms:play-services-base:16.1.0] AndroidManifest.xml:23:9-26:75
67            android:name="com.google.android.gms.common.api.GoogleApiActivity"
67-->[com.google.android.gms:play-services-base:16.1.0] AndroidManifest.xml:24:13-79
68            android:exported="false"
68-->[com.google.android.gms:play-services-base:16.1.0] AndroidManifest.xml:25:13-37
69            android:theme="@android:style/Theme.Translucent.NoTitleBar" />
69-->[com.google.android.gms:play-services-base:16.1.0] AndroidManifest.xml:26:13-72
70
71        <meta-data
71-->[com.google.android.gms:play-services-basement:16.2.0] AndroidManifest.xml:23:9-25:69
72            android:name="com.google.android.gms.version"
72-->[com.google.android.gms:play-services-basement:16.2.0] AndroidManifest.xml:24:13-58
73            android:value="@integer/google_play_services_version" />
73-->[com.google.android.gms:play-services-basement:16.2.0] AndroidManifest.xml:25:13-66
74    </application>
75
76</manifest>